Build started 10/11/2014 5:45:28 PM.
     1>Project "C:\Users\ChunYiu\dev\rag-engine\libs\win\SDL2_gfx\SDL2_gfx.vcxproj" on node 2 (Build target(s)).
     1>ClCompile:
         C:\Program Files (x86)\Microsoft Visual Studio 12.0\VC\bin\x86_amd64\CL.exe /c /I"C:\Users\ChunYiu\dev\rag-engine\libs\win\SDL2\include" /Zi /nologo /W3 /WX- /Od /D WIN32 /D _DEBUG /D _WINDOWS /D _USRDLL /D DLL_EXPORT /D _WINDLL /D _UNICODE /D UNICODE /Gm- /EHsc /RTC1 /MDd /GS /fp:precise /Zc:wchar_t /Zc:forScope /Fo"x64\Debug\\" /Fd"x64\Debug\vc120.pdb" /Gd /TC /errorReport:prompt SDL2_framerate.c SDL2_gfxPrimitives.c SDL2_rotozoom.c SDL2_imageFilter.c
         SDL2_framerate.c
         SDL2_gfxPrimitives.c
     1>SDL2_gfxPrimitives.c(1748): warning C4028: formal parameter 1 different from declaration
     1>SDL2_gfxPrimitives.c(1855): warning C4244: 'function' : conversion from 'double' to 'float', possible loss of data
     1>SDL2_gfxPrimitives.c(1856): warning C4244: 'function' : conversion from 'double' to 'float', possible loss of data
     1>SDL2_gfxPrimitives.c(1932): warning C4244: 'function' : conversion from 'double' to 'float', possible loss of data
     1>SDL2_gfxPrimitives.c(3798): warning C4244: 'function' : conversion from 'double' to 'float', possible loss of data
     1>SDL2_gfxPrimitives.c(3799): warning C4244: 'function' : conversion from 'double' to 'float', possible loss of data
     1>SDL2_gfxPrimitives.c(4177): warning C4244: 'function' : conversion from 'double' to 'float', possible loss of data
     1>SDL2_gfxPrimitives.c(4179): warning C4244: 'function' : conversion from 'double' to 'float', possible loss of data
     1>SDL2_gfxPrimitives.c(4181): warning C4244: 'function' : conversion from 'double' to 'float', possible loss of data
     1>SDL2_gfxPrimitives.c(4184): warning C4244: 'function' : conversion from 'double' to 'float', possible loss of data
     1>SDL2_gfxPrimitives.c(4186): warning C4244: 'function' : conversion from 'double' to 'float', possible loss of data
     1>SDL2_gfxPrimitives.c(4188): warning C4244: 'function' : conversion from 'double' to 'float', possible loss of data
         SDL2_rotozoom.c
         SDL2_imageFilter.c
         Generating Code...
       Link:
         C:\Program Files (x86)\Microsoft Visual Studio 12.0\VC\bin\x86_amd64\link.exe /ERRORREPORT:PROMPT /OUT:"x64\Debug\SDL2_gfx.dll" /INCREMENTAL /NOLOGO /LIBPATH:"C:\Users\ChunYiu\dev\rag-engine\libs\win\SDL2\lib\x64" SDL2.lib kernel32.lib user32.lib gdi32.lib winspool.lib comdlg32.lib advapi32.lib shell32.lib ole32.lib oleaut32.lib uuid.lib odbc32.lib odbccp32.lib /MANIFEST /MANIFESTUAC:"level='asInvoker' uiAccess='false'" /manifest:embed /DEBUG /PDB:"x64\Debug\SDL2_gfx.pdb" /SUBSYSTEM:WINDOWS /TLBID:1 /DYNAMICBASE:NO /IMPLIB:"x64\Debug\SDL2_gfx.lib" /MACHINE:X64 /DLL x64\Debug\SDL2_framerate.obj
         x64\Debug\SDL2_gfxPrimitives.obj
         x64\Debug\SDL2_rotozoom.obj
         x64\Debug\SDL2_imageFilter.obj
            Creating library x64\Debug\SDL2_gfx.lib and object x64\Debug\SDL2_gfx.exp
         SDL2_gfx.vcxproj -> C:\Users\ChunYiu\dev\rag-engine\libs\win\SDL2_gfx\x64\Debug\SDL2_gfx.dll
     1>Done Building Project "C:\Users\ChunYiu\dev\rag-engine\libs\win\SDL2_gfx\SDL2_gfx.vcxproj" (Build target(s)).

Build succeeded.

Time Elapsed 00:00:01.33
